<?xml version="1.0" encoding="utf-8" standalone="no"?>
<!--This file represents the results of running a test suite-->
<test-results name="D:\Development\SPHealth\BankCheck_MichaelArellano\BankCheck_MIchaelArellano.Test\bin\Debug\BankCheck_MIchaelArellano.Test.dll" total="6" errors="0" failures="0" not-run="0" inconclusive="0" ignored="0" skipped="0" invalid="0" date="2014-03-20" time="22:39:24">
  <environment nunit-version="2.5.10.11092" clr-version="2.0.50727.5472" os-version="Microsoft Windows NT 6.1.7601 Service Pack 1" platform="Win32NT" cwd="D:\Development\SPHealth\BankCheck_MichaelArellano\BankCheck_MIchaelArellano.Test\bin\Debug" machine-name="USER-PC" user="User" user-domain="User-PC" />
  <culture-info current-culture="en-AU" current-uiculture="en-US" />
  <test-suite type="Assembly" name="D:\Development\SPHealth\BankCheck_MichaelArellano\BankCheck_MIchaelArellano.Test\bin\Debug\BankCheck_MIchaelArellano.Test.dll" executed="True" result="Success" success="True" time="0.179" asserts="0">
    <results>
      <test-suite type="Namespace" name="BankingCheck_MichaelArellano" executed="True" result="Success" success="True" time="0.166" asserts="0">
        <results>
          <test-suite type="Namespace" name="Helper" executed="True" result="Success" success="True" time="0.165" asserts="0">
            <results>
              <test-suite type="Namespace" name="Test" executed="True" result="Success" success="True" time="0.164" asserts="0">
                <results>
                  <test-suite type="TestFixture" name="NumberToWordsTest" executed="True" result="Success" success="True" time="0.163" asserts="0">
                    <results>
                      <test-suite type="ParameterizedTest" name="NumberToWordsTestCases" executed="True" result="Success" success="True" time="0.154" asserts="0">
                        <results>
                          <test-case name="BankingCheck_MichaelArellano.Helper.Test.NumberToWordsTest.NumberToWordsTestCases(0.99m,&quot;zero dollars and 99/100 cents&quot;)" executed="True" result="Success" success="True" time="0.103" asserts="2" />
                          <test-case name="BankingCheck_MichaelArellano.Helper.Test.NumberToWordsTest.NumberToWordsTestCases(1.99m,&quot;one dollar and 99/100 cents&quot;)" executed="True" result="Success" success="True" time="0.018" asserts="2" />
                          <test-case name="BankingCheck_MichaelArellano.Helper.Test.NumberToWordsTest.NumberToWordsTestCases(100m,&quot;one hundred dollars&quot;)" executed="True" result="Success" success="True" time="0.001" asserts="2" />
                          <test-case name="BankingCheck_MichaelArellano.Helper.Test.NumberToWordsTest.NumberToWordsTestCases(9999m,&quot;nine thousand nine hundred and ninety-nine dollars&quot;)" executed="True" result="Success" success="True" time="0.000" asserts="2" />
                          <test-case name="BankingCheck_MichaelArellano.Helper.Test.NumberToWordsTest.NumberToWordsTestCases(12345.25m,&quot;twelve thousand three hundred and forty-five dollars and 25/100 cents&quot;)" executed="True" result="Success" success="True" time="0.000" asserts="2" />
                          <test-case name="BankingCheck_MichaelArellano.Helper.Test.NumberToWordsTest.NumberToWordsTestCases(0.01m,&quot;zero dollars and 1/100 cent&quot;)" executed="True" result="Success" success="True" time="0.000" asserts="2" />
                        </results>
                      </test-suite>
                    </results>
                  </test-suite>
                </results>
              </test-suite>
            </results>
          </test-suite>
        </results>
      </test-suite>
    </results>
  </test-suite>
</test-results>